<?xml version="1.0" encoding="UTF-8"?>
<!DOCTYPE suite SYSTEM "http://testng.org/testng-1.0.dtd">

<suite name="Test Amazon Features" verbose="1" preserve-order="true">
 	
 	<test name="Amazon automation tests">
        <packages>
            <package name="cucumberTraining"/>
        </packages>
    </test>
  
</suite>