<?xml version="1.0" encoding="UTF-8"?>
<!-- Generated by org.testng.reporters.JUnitReportReporter -->
<testsuite hostname="UY-IT00129" name="cucumberTraining.CukesRunnerTest" tests="1" failures="0" timestamp="27 May 2016 16:21:53 GMT" time="12.810" errors="0">
  <testcase name="run_cukes" time="12.810" classname="cucumberTraining.CukesRunnerTest"/>
</testsuite> <!-- cucumberTraining.CukesRunnerTest -->
